<?xml version="1.0" encoding="UTF-8" ?>
<testsuite tests="7" failures="7" name="org.beko.AdminHandlerTest" time="0.012" errors="0" skipped="0">
  <properties>
[...]
</properties>
  <testcase classname="org.beko.AdminHandlerTest" name="org.beko.AdminHandlerTest.testAddPlaceConferenceRoom" time="0.004">
    <failure message="Cannot invoke &quot;org.beko.Util.ScannerWrapper.nextLine()&quot; because &quot;this.scanner&quot; is null" type="java.lang.NullPointerException">java.lang.NullPointerException: Cannot invoke &quot;org.beko.Util.ScannerWrapper.nextLine()&quot; because &quot;this.scanner&quot; is null
	at org.beko.AdminHandlerTest.testAddPlaceConferenceRoom(AdminHandlerTest.java:56)
</failure>
  </testcase>
  <testcase classname="org.beko.AdminHandlerTest" name="org.beko.AdminHandlerTest.testAddPlaceWorkspace" time="0">
    <failure message="Cannot invoke &quot;org.beko.Util.ScannerWrapper.nextLine()&quot; because &quot;this.scanner&quot; is null" type="java.lang.NullPointerException">java.lang.NullPointerException: Cannot invoke &quot;org.beko.Util.ScannerWrapper.nextLine()&quot; because &quot;this.scanner&quot; is null
	at org.beko.AdminHandlerTest.testAddPlaceWorkspace(AdminHandlerTest.java:42)
</failure>
  </testcase>
  <testcase classname="org.beko.AdminHandlerTest" name="org.beko.AdminHandlerTest.testHandleAdminActionsLogout" time="0">
    <failure message="Cannot invoke &quot;org.beko.Util.ScannerWrapper.nextLine()&quot; because &quot;this.scanner&quot; is null" type="java.lang.NullPointerException">java.lang.NullPointerException: Cannot invoke &quot;org.beko.Util.ScannerWrapper.nextLine()&quot; because &quot;this.scanner&quot; is null
	at org.beko.AdminHandlerTest.testHandleAdminActionsLogout(AdminHandlerTest.java:97)
</failure>
  </testcase>
  <testcase classname="org.beko.AdminHandlerTest" name="org.beko.AdminHandlerTest.testDeletePlace" time="0">
    <failure message="Cannot invoke &quot;org.beko.Util.ScannerWrapper.nextLine()&quot; because &quot;this.scanner&quot; is null" type="java.lang.NullPointerException">java.lang.NullPointerException: Cannot invoke &quot;org.beko.Util.ScannerWrapper.nextLine()&quot; because &quot;this.scanner&quot; is null
	at org.beko.AdminHandlerTest.testDeletePlace(AdminHandlerTest.java:87)
</failure>
  </testcase>
  <testcase classname="org.beko.AdminHandlerTest" name="org.beko.AdminHandlerTest.testViewPlaces" time="0.007">
    <failure message="Cannot invoke &quot;org.beko.Service.PlaceService.listPlaces()&quot; because &quot;this.placeService&quot; is null" type="java.lang.NullPointerException">java.lang.NullPointerException: Cannot invoke &quot;org.beko.Service.PlaceService.listPlaces()&quot; because &quot;this.placeService&quot; is null
	at org.beko.AdminHandlerTest.testViewPlaces(AdminHandlerTest.java:33)
</failure>
  </testcase>
  <testcase classname="org.beko.AdminHandlerTest" name="org.beko.AdminHandlerTest.testUpdatePlace" time="0">
    <failure message="Cannot invoke &quot;org.beko.Util.ScannerWrapper.nextLine()&quot; because &quot;this.scanner&quot; is null" type="java.lang.NullPointerException">java.lang.NullPointerException: Cannot invoke &quot;org.beko.Util.ScannerWrapper.nextLine()&quot; because &quot;this.scanner&quot; is null
	at org.beko.AdminHandlerTest.testUpdatePlace(AdminHandlerTest.java:70)
</failure>
  </testcase>
  <testcase classname="org.beko.AdminHandlerTest" name="org.beko.AdminHandlerTest.testHandleAdminActionsInvalidOption" time="0.001">
    <failure message="Cannot invoke &quot;org.beko.Util.ScannerWrapper.nextLine()&quot; because &quot;this.scanner&quot; is null" type="java.lang.NullPointerException">java.lang.NullPointerException: Cannot invoke &quot;org.beko.Util.ScannerWrapper.nextLine()&quot; because &quot;this.scanner&quot; is null
	at org.beko.AdminHandlerTest.testHandleAdminActionsInvalidOption(AdminHandlerTest.java:106)
</failure>
  </testcase>
</testsuite>