<?xml version="1.0" encoding="UTF-8" ?>
<testsuite tests="13" failures="13" name="org.beko.UserHandlerTest" time="0.027" errors="0" skipped="0">
  <properties>
[...]
</properties>
  <testcase classname="org.beko.UserHandlerTest" name="org.beko.UserHandlerTest.testViewPlaces" time="0">
    <failure message="Cannot invoke &quot;org.beko.Service.PlaceService.listPlaces()&quot; because &quot;this.placeService&quot; is null" type="java.lang.NullPointerException">java.lang.NullPointerException: Cannot invoke &quot;org.beko.Service.PlaceService.listPlaces()&quot; because &quot;this.placeService&quot; is null
	at org.beko.UserHandlerTest.testViewPlaces(UserHandlerTest.java:45)
</failure>
  </testcase>
  <testcase classname="org.beko.UserHandlerTest" name="org.beko.UserHandlerTest.testCancelBookingNotFound" time="0">
    <failure message="Cannot invoke &quot;org.beko.Util.ScannerWrapper.nextLine()&quot; because &quot;this.scanner&quot; is null" type="java.lang.NullPointerException">java.lang.NullPointerException: Cannot invoke &quot;org.beko.Util.ScannerWrapper.nextLine()&quot; because &quot;this.scanner&quot; is null
	at org.beko.UserHandlerTest.testCancelBookingNotFound(UserHandlerTest.java:92)
</failure>
  </testcase>
  <testcase classname="org.beko.UserHandlerTest" name="org.beko.UserHandlerTest.testCancelBookingSuccess" time="0">
    <failure message="Cannot invoke &quot;org.beko.Util.ScannerWrapper.nextLine()&quot; because &quot;this.scanner&quot; is null" type="java.lang.NullPointerException">java.lang.NullPointerException: Cannot invoke &quot;org.beko.Util.ScannerWrapper.nextLine()&quot; because &quot;this.scanner&quot; is null
	at org.beko.UserHandlerTest.testCancelBookingSuccess(UserHandlerTest.java:82)
</failure>
  </testcase>
  <testcase classname="org.beko.UserHandlerTest" name="org.beko.UserHandlerTest.testViewBookingsByPlaceNotFound" time="0">
    <failure message="Cannot invoke &quot;org.beko.Util.ScannerWrapper.nextLine()&quot; because &quot;this.scanner&quot; is null" type="java.lang.NullPointerException">java.lang.NullPointerException: Cannot invoke &quot;org.beko.Util.ScannerWrapper.nextLine()&quot; because &quot;this.scanner&quot; is null
	at org.beko.UserHandlerTest.testViewBookingsByPlaceNotFound(UserHandlerTest.java:148)
</failure>
  </testcase>
  <testcase classname="org.beko.UserHandlerTest" name="org.beko.UserHandlerTest.testViewBookingsByUserSuccess" time="0.025">
    <failure message="Cannot invoke &quot;org.beko.Util.ScannerWrapper.nextLine()&quot; because &quot;this.scanner&quot; is null" type="java.lang.NullPointerException">java.lang.NullPointerException: Cannot invoke &quot;org.beko.Util.ScannerWrapper.nextLine()&quot; because &quot;this.scanner&quot; is null
	at org.beko.UserHandlerTest.testViewBookingsByUserSuccess(UserHandlerTest.java:114)
</failure>
  </testcase>
  <testcase classname="org.beko.UserHandlerTest" name="org.beko.UserHandlerTest.testBookPlaceNotFound" time="0">
    <failure message="Cannot invoke &quot;org.beko.Util.ScannerWrapper.nextLine()&quot; because &quot;this.scanner&quot; is null" type="java.lang.NullPointerException">java.lang.NullPointerException: Cannot invoke &quot;org.beko.Util.ScannerWrapper.nextLine()&quot; because &quot;this.scanner&quot; is null
	at org.beko.UserHandlerTest.testBookPlaceNotFound(UserHandlerTest.java:71)
</failure>
  </testcase>
  <testcase classname="org.beko.UserHandlerTest" name="org.beko.UserHandlerTest.testViewBookingsByDate" time="0">
    <failure message="Cannot invoke &quot;org.beko.Util.ScannerWrapper.nextLine()&quot; because &quot;this.scanner&quot; is null" type="java.lang.NullPointerException">java.lang.NullPointerException: Cannot invoke &quot;org.beko.Util.ScannerWrapper.nextLine()&quot; because &quot;this.scanner&quot; is null
	at org.beko.UserHandlerTest.testViewBookingsByDate(UserHandlerTest.java:160)
</failure>
  </testcase>
  <testcase classname="org.beko.UserHandlerTest" name="org.beko.UserHandlerTest.testViewBookingsByPlaceSuccess" time="0.001">
    <failure message="Cannot invoke &quot;org.beko.Util.ScannerWrapper.nextLine()&quot; because &quot;this.scanner&quot; is null" type="java.lang.NullPointerException">java.lang.NullPointerException: Cannot invoke &quot;org.beko.Util.ScannerWrapper.nextLine()&quot; because &quot;this.scanner&quot; is null
	at org.beko.UserHandlerTest.testViewBookingsByPlaceSuccess(UserHandlerTest.java:137)
</failure>
  </testcase>
  <testcase classname="org.beko.UserHandlerTest" name="org.beko.UserHandlerTest.testHandleUserActionsInvalidOption" time="0">
    <failure message="Cannot invoke &quot;org.beko.Util.ScannerWrapper.nextLine()&quot; because &quot;this.scanner&quot; is null" type="java.lang.NullPointerException">java.lang.NullPointerException: Cannot invoke &quot;org.beko.Util.ScannerWrapper.nextLine()&quot; because &quot;this.scanner&quot; is null
	at org.beko.UserHandlerTest.testHandleUserActionsInvalidOption(UserHandlerTest.java:179)
</failure>
  </testcase>
  <testcase classname="org.beko.UserHandlerTest" name="org.beko.UserHandlerTest.testViewBookingsByUserNotFound" time="0.001">
    <failure message="Cannot invoke &quot;org.beko.Util.ScannerWrapper.nextLine()&quot; because &quot;this.scanner&quot; is null" type="java.lang.NullPointerException">java.lang.NullPointerException: Cannot invoke &quot;org.beko.Util.ScannerWrapper.nextLine()&quot; because &quot;this.scanner&quot; is null
	at org.beko.UserHandlerTest.testViewBookingsByUserNotFound(UserHandlerTest.java:125)
</failure>
  </testcase>
  <testcase classname="org.beko.UserHandlerTest" name="org.beko.UserHandlerTest.testHandleUserActionsLogout" time="0">
    <failure message="Cannot invoke &quot;org.beko.Util.ScannerWrapper.nextLine()&quot; because &quot;this.scanner&quot; is null" type="java.lang.NullPointerException">java.lang.NullPointerException: Cannot invoke &quot;org.beko.Util.ScannerWrapper.nextLine()&quot; because &quot;this.scanner&quot; is null
	at org.beko.UserHandlerTest.testHandleUserActionsLogout(UserHandlerTest.java:170)
</failure>
  </testcase>
  <testcase classname="org.beko.UserHandlerTest" name="org.beko.UserHandlerTest.testBookPlaceSuccess" time="0">
    <failure message="Cannot invoke &quot;org.beko.Util.ScannerWrapper.nextLine()&quot; because &quot;this.scanner&quot; is null" type="java.lang.NullPointerException">java.lang.NullPointerException: Cannot invoke &quot;org.beko.Util.ScannerWrapper.nextLine()&quot; because &quot;this.scanner&quot; is null
	at org.beko.UserHandlerTest.testBookPlaceSuccess(UserHandlerTest.java:55)
</failure>
  </testcase>
  <testcase classname="org.beko.UserHandlerTest" name="org.beko.UserHandlerTest.testViewBookings" time="0">
    <failure message="Cannot invoke &quot;org.beko.Service.BookingService.listBookings()&quot; because &quot;this.bookingService&quot; is null" type="java.lang.NullPointerException">java.lang.NullPointerException: Cannot invoke &quot;org.beko.Service.BookingService.listBookings()&quot; because &quot;this.bookingService&quot; is null
	at org.beko.UserHandlerTest.testViewBookings(UserHandlerTest.java:104)
</failure>
  </testcase>
</testsuite>