<?xml version="1.0" encoding="UTF-8" ?>
<testsuite tests="6" failures="6" name="org.beko.BookingServiceTest" time="0.014" errors="0" skipped="0">
  <properties>
[...]
</properties>
  <testcase classname="org.beko.BookingServiceTest" name="org.beko.BookingServiceTest.testBookPlaceWithConflict" time="0.011">
    <failure message="Cannot invoke &quot;org.beko.Service.BookingService.bookPlace(org.beko.Entity.User, org.beko.Entity.Place, java.time.LocalDateTime, java.time.LocalDateTime)&quot; because &quot;this.bookingService&quot; is null" type="java.lang.NullPointerException">java.lang.NullPointerException: Cannot invoke &quot;org.beko.Service.BookingService.bookPlace(org.beko.Entity.User, org.beko.Entity.Place, java.time.LocalDateTime, java.time.LocalDateTime)&quot; because &quot;this.bookingService&quot; is null
	at org.beko.BookingServiceTest.testBookPlaceWithConflict(BookingServiceTest.java:42)
</failure>
  </testcase>
  <testcase classname="org.beko.BookingServiceTest" name="org.beko.BookingServiceTest.testBookPlaceSuccessfully" time="0">
    <failure message="Cannot invoke &quot;org.beko.Service.BookingService.bookPlace(org.beko.Entity.User, org.beko.Entity.Place, java.time.LocalDateTime, java.time.LocalDateTime)&quot; because &quot;this.bookingService&quot; is null" type="java.lang.NullPointerException">java.lang.NullPointerException: Cannot invoke &quot;org.beko.Service.BookingService.bookPlace(org.beko.Entity.User, org.beko.Entity.Place, java.time.LocalDateTime, java.time.LocalDateTime)&quot; because &quot;this.bookingService&quot; is null
	at org.beko.BookingServiceTest.testBookPlaceSuccessfully(BookingServiceTest.java:32)
</failure>
  </testcase>
  <testcase classname="org.beko.BookingServiceTest" name="org.beko.BookingServiceTest.testListBookingsByUser" time="0.001">
    <failure message="Cannot invoke &quot;org.beko.Service.BookingService.bookPlace(org.beko.Entity.User, org.beko.Entity.Place, java.time.LocalDateTime, java.time.LocalDateTime)&quot; because &quot;this.bookingService&quot; is null" type="java.lang.NullPointerException">java.lang.NullPointerException: Cannot invoke &quot;org.beko.Service.BookingService.bookPlace(org.beko.Entity.User, org.beko.Entity.Place, java.time.LocalDateTime, java.time.LocalDateTime)&quot; because &quot;this.bookingService&quot; is null
	at org.beko.BookingServiceTest.testListBookingsByUser(BookingServiceTest.java:68)
</failure>
  </testcase>
  <testcase classname="org.beko.BookingServiceTest" name="org.beko.BookingServiceTest.testListBookingsByPlace" time="0">
    <failure message="Cannot invoke &quot;org.beko.Service.BookingService.bookPlace(org.beko.Entity.User, org.beko.Entity.Place, java.time.LocalDateTime, java.time.LocalDateTime)&quot; because &quot;this.bookingService&quot; is null" type="java.lang.NullPointerException">java.lang.NullPointerException: Cannot invoke &quot;org.beko.Service.BookingService.bookPlace(org.beko.Entity.User, org.beko.Entity.Place, java.time.LocalDateTime, java.time.LocalDateTime)&quot; because &quot;this.bookingService&quot; is null
	at org.beko.BookingServiceTest.testListBookingsByPlace(BookingServiceTest.java:77)
</failure>
  </testcase>
  <testcase classname="org.beko.BookingServiceTest" name="org.beko.BookingServiceTest.testListBookingsByDate" time="0.001">
    <failure message="Cannot invoke &quot;org.beko.Service.BookingService.bookPlace(org.beko.Entity.User, org.beko.Entity.Place, java.time.LocalDateTime, java.time.LocalDateTime)&quot; because &quot;this.bookingService&quot; is null" type="java.lang.NullPointerException">java.lang.NullPointerException: Cannot invoke &quot;org.beko.Service.BookingService.bookPlace(org.beko.Entity.User, org.beko.Entity.Place, java.time.LocalDateTime, java.time.LocalDateTime)&quot; because &quot;this.bookingService&quot; is null
	at org.beko.BookingServiceTest.testListBookingsByDate(BookingServiceTest.java:86)
</failure>
  </testcase>
  <testcase classname="org.beko.BookingServiceTest" name="org.beko.BookingServiceTest.testCancelBooking" time="0.001">
    <failure message="Cannot invoke &quot;org.beko.Service.BookingService.bookPlace(org.beko.Entity.User, org.beko.Entity.Place, java.time.LocalDateTime, java.time.LocalDateTime)&quot; because &quot;this.bookingService&quot; is null" type="java.lang.NullPointerException">java.lang.NullPointerException: Cannot invoke &quot;org.beko.Service.BookingService.bookPlace(org.beko.Entity.User, org.beko.Entity.Place, java.time.LocalDateTime, java.time.LocalDateTime)&quot; because &quot;this.bookingService&quot; is null
	at org.beko.BookingServiceTest.testCancelBooking(BookingServiceTest.java:58)
</failure>
  </testcase>
</testsuite>