<?xml version="1.0" encoding="UTF-8" ?>
<testsuite tests="4" failures="4" name="org.beko.PlaceServiceTest" time="0" errors="0" skipped="0">
  <properties>
[...]
</properties>
  <testcase classname="org.beko.PlaceServiceTest" name="org.beko.PlaceServiceTest.testUpdatePlace" time="0">
    <failure message="Cannot invoke &quot;org.beko.Service.PlaceService.addPlace(String, String)&quot; because &quot;this.placeService&quot; is null" type="java.lang.NullPointerException">java.lang.NullPointerException: Cannot invoke &quot;org.beko.Service.PlaceService.addPlace(String, String)&quot; because &quot;this.placeService&quot; is null
	at org.beko.PlaceServiceTest.testUpdatePlace(PlaceServiceTest.java:30)
</failure>
  </testcase>
  <testcase classname="org.beko.PlaceServiceTest" name="org.beko.PlaceServiceTest.testDeletePlace" time="0">
    <failure message="Cannot invoke &quot;org.beko.Service.PlaceService.addPlace(String, String)&quot; because &quot;this.placeService&quot; is null" type="java.lang.NullPointerException">java.lang.NullPointerException: Cannot invoke &quot;org.beko.Service.PlaceService.addPlace(String, String)&quot; because &quot;this.placeService&quot; is null
	at org.beko.PlaceServiceTest.testDeletePlace(PlaceServiceTest.java:39)
</failure>
  </testcase>
  <testcase classname="org.beko.PlaceServiceTest" name="org.beko.PlaceServiceTest.testAddPlace" time="0">
    <failure message="Cannot invoke &quot;org.beko.Service.PlaceService.addPlace(String, String)&quot; because &quot;this.placeService&quot; is null" type="java.lang.NullPointerException">java.lang.NullPointerException: Cannot invoke &quot;org.beko.Service.PlaceService.addPlace(String, String)&quot; because &quot;this.placeService&quot; is null
	at org.beko.PlaceServiceTest.testAddPlace(PlaceServiceTest.java:22)
</failure>
  </testcase>
  <testcase classname="org.beko.PlaceServiceTest" name="org.beko.PlaceServiceTest.testListPlaces" time="0">
    <failure message="Cannot invoke &quot;org.beko.Service.PlaceService.addPlace(String, String)&quot; because &quot;this.placeService&quot; is null" type="java.lang.NullPointerException">java.lang.NullPointerException: Cannot invoke &quot;org.beko.Service.PlaceService.addPlace(String, String)&quot; because &quot;this.placeService&quot; is null
	at org.beko.PlaceServiceTest.testListPlaces(PlaceServiceTest.java:46)
</failure>
  </testcase>
</testsuite>